500
0 4081 4959 583 847 1063 7744 5495 8967 8960 3353 6810 9312 8753 304 4777 7213 5933 7732 2904 8671 6938 7949 2
1 4591 1327 3217 1634 8837 2272 5390 5534 4561 4837 1482 9953 3023 7787 2962
2 5389 3373 8797 1416 6003 6411 7357 2458 4008 1323 9162 650 8125 6134
3 493 2308 7885 3847 6320 7430 3573 8063 2421 329 444 6712 2155 3894 79
4 9676 6433 5929 9385 4579 4224 4306 1004 6546 1743 5350 6062 4314 935
5 4563 2245 7220 9996 2165 3837 4000 3417 7355 4602 7405 5451 4901 2643 6613 3012
6 9211 9468 1909 2195 9633 1777 8052 2391 4268 8664 8831 6829 3783 2986
7 4247 9924 2047 7498 4888 2218 4988 6245 4850 9025 5005 9271 8722 6044 427 2240
8 6764 6645 7701 3702 2551 9438 5308 4191 8493 6622 7087 8580 2875 395 9244
9 9188 354 2428 2887 5826 6318 4298 2977 4975 3344 1852 5310 4055 8140 2340
10 4292 6011 2706 7225 9988 52 605 5174 1313 7547 155 9931 5762 5962
11 5179 5773 8567 7712 6189 3086 3747 720 619 6731 1140 3225 4045 5304 1125 8994 5715
12 966 4920 8866 7142 6391 4443 4611 2713 3008 4273 5964 5186 2892 4176 321
13 7254 9681 6414 5738 7925 438 9142 8918 3333 1189 9079 1534 1299
14 3895 5234 5720 4892 2654 4644 1588 3026 6826 2192 4824 7153
15 2799 3458 4793 4240 6742 2819 2839 6168 7174 3841 3784 6891
16 5161 1792 9686 815 7654 3471 1 2745 2549 3673 9576 4134 7252 6327 2555
17 3715 1177 6172 4681 4279 2118 1830 9122 3188 4760 6827
18 1461 6040 3758 142 7768 2517 9388 6695 9859 4849 8683 5307
19 8472 578 5804 4737 6449 673 3961 6229 9636 1989 8301 2002 4749 9758 4985 9533
20 9177 8667 3257 6084 2681 5030 6193 3720 2572 2732 4721 6101 6804 3285 860 4222 2699 4199 2288
21 4386 2092 299 8165 41 4734 4939 7804 3398 8600 6082 9197 5880
22 1683 2617 917 3310 530 1571 6983 4187 2646 3765 4420 1932 6699 7699
23 1676 6809 4004 4388 4140 1010 724 8038 6523 3637 9997 4965 1668
24 8781 3123 1232 7368 8790 6916 8222 5137 4917 7438 2322
25 8766 139 4873 1746 2120 4475 715 7659 3911 7510 924 8547 1580 259
26 9640 66 740 4976 2402 1796 616 6074 9302 2252 2695 3561
27 8502 3789 2215 2963 8906 3227 6451 3460 6385 7431 5886 1487 8939 9723 7 3602 569 9007
28 9765 4893 2461 4104 9704 9923 7306 2565 9179 2135 3703 5479 4147 435 8263 4842 2182 745
29 2676 2392 9675 4861 4875 5827 3405 4597 5392 3613 1639 6899 5437
30 5881 7624 8943 1279 8992 8464 6072 6732 8005
31 1052 3370 958 5683 2044 71 6903 4548 4384 5862 2857 8247 3835 3537 3376 8043 7652
32 8523 6516 3269 3236 4818 3340 1629 113 6543 9005 6061 1666 7668 4107 3163 9968
33 381 5022 853 6830 6681 5405 6974 3414 9090 5003 7606 8491
34 1773 333 8090 8081 3021 4935 3736 323 7235 1501 276 3456 1964 6555 7786
35 9075 2589 3149 1182 4100 1498 5114 2614 1014 9148 206 1474 8145 6270 979
36 3964 2256 8228 9926 2280 7719 8021 4289 8786 140 6657 8239 8431
37 5033 268 7388 3971 2781 4538 9172 4720 8938 2394 7798 2234 6584
38 696 9072 3725 4218 8016 8361 5169 3275 7527 6532 1256 5295
39 5690 646 6167 4119 2345 8969 3440 8509 1720 835 2158 4399 7120 7762
40 5447 6818 3204 2498 8394 5965 2671 8234 2910 1871 8387
41 6587 9634 5493 1766 7025 7730 4296 1708 1470 4928 925 5507
42 9522 5261 3536 23 7091 6247 6088 2083 3447 8507 437
43 1511 506 1988 810 8382 6200 8330 5678 5326 951 9834 3982
44 1565 5145 5547 6646 2297 2241 905 7122 2721 4903 7285 9842
45 7116 4541 543 3879 4304 852 9487 7227 3710 1203 2911 8116
46 5888 5359 5396 4758 2701 1839 5711 6066 4723 2293 8366 8836 4345 8248 8644 3074
47 6149 6416 463 9906 3150 7127 2525 8163 3274 403 3629 8522 9990 4679 1383 7296
48 2031 7552 592 5785 497 8560 7449 4497 7961 6561 4505 3095 3845 3379 4035
49 4229 6750 8375 9140 6691 8817 9170 8154 5239 9099 5797 4234 8618 2114 4091
50 5573 3153 119 9638 4990 3754 7236 5682 6368 234 4948 7413
51 3524 5107 2023 5743 3540 8861 5388 1480 2164 5843 2070 76 8910 4311 5412
52 3860 3325 6272 3709 8237 8149 6505 8040 2326 5913 6281 5548 776 2264 9461 8212
53 5812 2219 9393 9935 8546 2746 1012 7577 8367 5340 6547
54 9315 9033 9797 1164 5449 3423 1692 8132 5343 2030 5245 1934 8146 838 3103
55 627 9237 4461 1037 5664 6210 819 978 7155 9309 7902 1238 3936
56 1145 4929 5425 429 391 1592 797 3078 4699 707
57 4564 2277 9608 918 6913 7789 6455 6077 6480 7451 1442 1657 1465 9270 6692 3877
58 5538 7504 4018 6834 2433 8569 6382 1966 2739 7344 5499 5166 4558 1979
59 5574 5122 2229 2624 219 3383 8261 1761 1402 5952 6117 9358 3203 2595
60 2777 7927 9009 9857 213 8294 7190 4266 7629 4786 7240
61 2943 5986 6122 416 9655 3838 8225 5730 6211 7734 3612 8223 523 5869
62 1740 7610 7792 2759 5860 2235 669 3514 9764 297 9872 6035 3827 863 3781 1429 9848
63 5840 5417 2941 9631 1051 2702 3862 2673 6203 5306 3313 9669 3830 3119 8193 1289 6538
64 9034 2417 7365 4587 1678 1283 6278 4751 4038 6773 3125 3232 7852 8134
65 4083 2492 1680 9008 7269 4203 2830 8372 1359 5726 955 8728 7204 7880 5748
66 2454 7777 4406 9074 7714 5805 4489 7758 7828 792
67 151 5621 4522 6086 9048 6490 8725 9189 1910 3067 5706 7243 7669 9199
68 7218 6701 8135 8337 5278 4570 3621 57 737 3884 6706 9031 1696 369 3251 6153
69 8289 2574 2956 6346 8672 1060 4761 100 9389 3858 6592 8893 6049
70 2401 2845 7672 1038 8389 4691 1361 6048 1316 3751 8256 2121 527 7883
71 8264 936 1617 3036 3097 9359 6065 3805 871 216 5454 9898 1560
72 4168 9094 6197 7741 5426 9225 3662 5943 8592 3314 633 4614 9677 4020
73 421 5089 8741 4732 8966 9507 5500 8984 5813 5354 3869 6817 3543 4071 5677
74 6036 8954 5819 1700 6300 6851 4225 2384 631 3007 8581
75 7191 9014 7185 5259 8095 5554 8298 7015 4971 7588 6463 2041 606 960 2729 6986
76 8586 2964 3998 1195 1175 7753 828 2935 6442 8762 5455 6950 6982 6161
77 6575 111 2754 8936 664 486 6627 7800 6213 7006 4730 5043 4728 5064
78 1443 3741 7677 666 8911 5178 1161 1859 2663 6155 7516 8710 3773 6467 1353 450 1774
79 3896 4857 5633 6019 3927 7725 5868 342 7556 3963 9026 2127 8270 9908 2615
80 741 5639 5627 3033 8335 9024 2981 9418 9998 9268 8614 2060 7968 9545
81 4521 6094 4530 3671 9039 3694 897 3940 5409 5381 2858 4855
82 6720 8516 7779 7129 3192 6437 4565 3461 9770 1186 7479 1552 2058 8812
83 8643 7224 2861 2771 6026 3928 1582 2567 1523 9036 4362
84 7945 680 7850 56 5981 9728 4321 2989 4840 5301 457 5656 7874 6021
85 4274 1597 768 8527 9566 7134 3385 9876 7938 5445
86 6656 9399 5074 5302 5056 1558 6287 3526 2936 2100 90
87 5321 2320 580 2220 3850 2814 9346 6762 7024 7060 4858 4815
88 6020 5298 5168 1073 536 164 7143 7601 7377 2831 559 6639 4326
89 6594 6848 1636 4049 3017 14 6321 756 6471 566 7569 6895 7361 5758 8227 2666
90 5521 7901 5610 8869 2460 1688 3392 5172 8980 9903 1798 5752 352
91 7340 191 4196 147 3745 6958 2700 4169 7474
92 6920 2375 1581 3994 9314 7424 82 2341 6027 9159 618 6323 9493 6949 4966 8068 5248
93 3052 9967 8957 1484 5367 7234 888 6201 4568 4653 5741 9043 5446 8406
94 8299 4033 7878 1579 3580 5787 1540 4065 2006 2529 1096 6765 7088 1557 1984
95 8594 4467 3135 7295 3668 2299 895 5982 3857 1330 7004 5194 6393 3258 2414
96 1837 5452 8803 3849 4258 2811 9027 8338 5330 1288 6630 5401 4341 3521
97 2973 3099 4556 5559 4827 361 8615 6586 3281 3249
98 1924 3815 3242 2295 7947 9811 7505 4727 2213 2808 1496 4527 4377
99 6572 1619 1083 1446 5008 8723 6655 1525 4814 4243 7093 1181 4784
100 7955 4764 5385 4332 6828 8185 3493 2491 9643 3598 3546 2668 6030
101 7743 5408 7114 1695 706 2490 3918 3628 1769 1931 1607 780 4352
102 8887 241 7561 4030 9222 701 9278 4946 6124 6957 2128
103 215 8524 7662 2660 7249 1019 5680 3577 5515 7620 7485 7077 2013
104 3738 8603 893 7315 4127 4658 9915 9774 6497 8552 7919 447
105 7453 2749 3874 4848 4023 500 993 4607 8931 1246
106 3 6231 2437 4648 5847 2476 3946 2667 1888 3191 5138 1408 3509 6296 8599 3111
107 5462 5851 7367 5917 5990 4673 4380 393 273 2147 7856 5761 2123 9930 2611 3144 9404 3836
108 6605 7160 7963 1077 2042 695 286 2410 175 7187 4574 3630 3679 4504 8844 6054
109 9098 7775 5232 6098 5196 1002 3009 8858 9357 376 1598 4159 3469 9259 1358 7517
110 3597 2305 9962 8438 600 5436 8933 4435 9891 757 2639 670 2321
111 2521 2828 4870 1250 8362 4995 4293 4112 3210 1544 6235 8455 8998 5740 876 1343
112 1262 2582 8172 7574 3411 9161 3909 3682 5109 4885 1739 3395 3032
113 9481 3378 4810 8074 7010 1404 2965 3318 1187 7007 7266
114 4097 7723 3570 7383 7865 3579 6931 6417 1660 2591
115 8689 7487 9763 9538 5945 8975 8850 2947 8977 4486 7262
116 6533 3813 7748 3902 4425 8959 5176 5442 7469 7630 8189 1454 1149
117 3951 7282 7216 5592 3567 9584 9292 1420 3308 7917 7607 896 816 5288 6428 6258
118 313 9208 3297 7983 8164 3462 6775 1264 3833 1831 5653 9290
119 5036 4444 1977 5681 9596 6648 688 4333 5311 1971 2183 2327
120 639 4469 8953 1960 8559 8796 2727 4798 2385 5149 3207 1524
121 7489 845 660 7783 5685 1711 8469 8015 2789 7647 3474 8310 2480 205
122 6078 5069 4366 736 9195 4312 3842 5026 1927 2711 2161 4708 7822 4340
123 2912 2805 6284 5834 1935 272 3343 8297 4324 8359 4128 351 9374 9139
124 3586 8976 9777 8675 3478 743 4132 1923 8131 3965 320 5440 2298 4079
125 3506 2217 5637 6767 9703 7027 5828 9840 6749 4898 7674 8282 1476
126 5527 4927 8476 6726 9558 8758 5666 4325 7257 9350 6261 6071 2109 7049
127 77 1950 7197 6536 33 3138 1652 3711 5444 9135 7316 1495 3241 4180
128 1982 2211 8120 1111 2400 1267 6769 5370 5525 2207 1297 420 6534
129 4454 722 1528 7774 9318 5001 6192 397 8658 5926 2050 784 8174 761
130 2206 4783 1955 6901 128 4937 1263 4074 1284 1008 3046 6100 2790 3885
131 6794 898 7992 4650 989 2488 9650 8410 97 4982 4886 8078 6778
132 1349 5185 6389 1770 2751 9920 4936 6741 6838 5240 4654 6336 9751 7456
133 3634 451 5131 366 6908 1448 9526 5047 7241 6269 782 4765
134 7773 803 4197 5093 8148 6313 3280 9830 2501 9627 2263
135 7319 2378 4241 5486 3472 5347 2893 4534 4480 46 8092 1752 3316
136 3554 6148 3782 7085 7932 716 5535 727 2569 5398 8799 64 5106
137 4923 4754 69 3916 904 3483 4483 2430 8862 9665 2532 4342 1986 6141 7709
138 3307 3614 5099 1670 6993 4310 7181 6948 2343 9753 9386 9431 6173 9684 412
139 4575 1497 2984 5073 2203 7327 9435 2399 423 7323 7012
140 9066 9768 7951 2101 3148 8864 180 7831 3180 8630 9133 5702 7519
141 914 9694 2337 6568 6515 3676 8045 1825 1876 1822 6404
142 9402 109 8870 9255 8219 1958 1122 8701 8732 4436 7029 7133
143 6734 7238 3606 4061 1705 9136 7030 6103 9038 1751 5237 4879 4385 8495
144 3856 3244 6954 3322 6093 1266 2528 6796 9202 1381 6060 4664
145 3347 686 8903 310 964 1336 1130 2505 1628 9539 7952 6462 812 6154 1555 5335
146 2844 7097 1180 6186 3494 5458 9093 1488 401 9883 1953 7710 7379
147 6015 1995 9528 9245 3501 765 1638 5255 168 1520 2332 9281 9852
148 1015 3341 8779 2067 3984 8825 4315 7846 6922
149 173 9605 1604 9542 7866 8111 301 1826 2063 101 3638 135
150 8916 657 9233 9807 5727 4185 8215 1664 9056 4909 7575
151 2983 7140 8849 6872 1391 1677 315 6252 3486 1566 3871 6424 8293
152 5067 807 9406 1224 6929 305 1737 7332 830 744 6140 1105
153 6363 7072 6133 7738 1873 1085 1762 8051 4482 2719 699 1303 3883 910 1042 5848
154 8057 9641 5984 8852 8821 6981 8895 814 4238 9253 9132 183
155 8039 9362 5629 4248 3661 8499 2584 3854 4194 675 7053
156 5300 1847 5247 7812 2631 4910 7171 2891 2542 7256 8604 2533 8396 9453
157 2225 8159 337 1194 1150 9077 7002 4529 1808 9275 5400 1916 6137 6458
158 1976 2289 987 7395 2156 1062 8949 595 2813 3649 5014
159 981 7376 34 4394 9475 6260 4263 4181 1641 7542 6946 5072
160 336 4133 1078 5567 9194 2550 3120 7118 7443 8411 2730 6717 1920 8344 1750
161 7903 1338 3198 7302 9115 9147 3098 8315 5857 3796 1252 8711
162 379 9874 7785 8626 3872 3088 3523 9916 8242 469 8027 1850 1366 1066 7055
163 5978 2598 3146 2032 9267 5061 8886 965 9430 8091 2196 643 7099 2846 3549 8470 7001
164 7131 719 5482 7223 972 6051 5751 9984 340 317 3775 6434 7281 3944
165 4260 5339 1781 2130 2807 7407 5874 9153 2482 6109 2464 850 4457 625
166 5007 306 8665 1104 9313 8707 9565 658 3766 5110 8853 1405 7997
167 2463 9587 7724 2634 6616 4535 1504 1518 1486 4617 3823 4501 1904 6099 9129
168 1789 5344 2684 731 8474 2999 3656 6554 2992 2823 6120 8987 8405 2773 9160
169 952 4957 7560 6002 3211 3134 7663 8296 7859 326 4354 3054 5703 8890 4539
170 6590 8412 6403 3635 8743 1354 3429 4618 3677 1192 8374 4116 3504 8498
171 5509 9080 5800 6693 5647 9164 3771 6709 1346 1787 3076 5890 4439 6650
172 9293 4838 7159 1969 7070 3903 3587 1214 6700 5605 8566 9713
173 1545 8755 8529 2018 6972 9421 4460 7499 7314 7664 1633 2349 3371
174 7912 1758 8420 6435 738 1455 6927 9021 5133 9825 5871
175 5565 3222 1684 7750 6076 4407 9119 4877 4446 3278
176 1824 9529 4255 6598 3352 4537 375 4889 5283 4356 2740 1625
177 4235 3317 6565 2772 3428 2393 7311 445 2275 4372 199
178 49 1200 7161 1503 9653 4686 3500 365 2479 8019 9970 9731 6537
179 3583 5624 7995 7770 5588 6023 9363 7707 5584 5643
180 5374 2553 7580 413 5281 9440 3547 1707 874 5235 818 7429
181 2329 4270 2122 9420 6041 9547 1851 7166 1095 7860 6550
182 5686 6722 882 5512 5852 9973 2997 4759 790 5474 2499 8696 8130
183 1368 4275 8139 7923 4330 5100 6640 9200 1365 3137 2670 2856
184 6635 5254 2605 7532 6409 8823 2575 1211 9378 3369 250
185 9534 8867 3979 9937 8260 7680 3348 1513 7776 5063 1134
186 3541 8046 7522 1813 8489 9914 5371 7650 9869 7602 8147 3184 148
187 4448 7596 7982 7986 1905 8357 9553 7526 6460 8328 9523 7333
188 9532 2880 9734 8364 2077 3611 7840 6710 1656 3073 1121
189 88 6325 6620 781 3525 4872 6282 2456 6905 2111 8200 1702 8794 3981
190 5536 7957 9394 2539 1933 4911 2116 3693 4551 6556 2633
191 8846 985 6647 2285 9855 7637 387 7148 5580 1735 6698 6545
192 4042 5894 5729 4054 8749 9781 612 4404 4834 7717 9354 8673 6967
193 3080 610 6080 671 8963 433 7358 3290 6964 7541 7993 5258 1110 9299
194 8996 3762 6772 9717 8785 8750 4543 9239 8254 9986 5062 1345 9573
195 7465 1736 9210 7689 6214 3438 3907 4940 1475 1384 7050 9013
196 7833 1275 9913 8459 4921 74 4456 1864 1225 3035 6022 1981 8512 1956
197 9603 6374 2014 8010 889 9897 1064 4813 999 5155 4153 4271 2444 4624 3077
198 7313 1082 6557 9882 777 9412 8981 1438 8408 5192
199 9231 3723 9495 7981 4438 8236 6604 3548 5419 1332 7305 7521 5219
200 7794 5210 1626 8277 8162 1217 4743 3416 1269 7713
201 4900 3810 1669 5829 3022 6900 521 971 8427 6000 6894 4586 9265
202 2197 6506 8508 4278 8229 2065 7397 5972 6952 6683
203 1517 8354 5228 1146 8806 9927 80 2608 9550 783 9107
204 8151 8770 7593 2020 5438 1109 4110 9408 3996 3367 9877 4780 2175
205 5125 9977 8506 1861 7837 9790 8774 4499 5065 703 9301
206 8292 7162 6354 8313 3644 6237 9325 8473 9405 8048 5081 3983 9192 683
207 9466 7638 5139 3899 4667 1902 9103 6126 7486
208 1450 3519 3659 3553 5463 732 2726 5757 9287 4493 1071 8601 9224
209 4253 2068 6046 9905 5789 4776 9741 7274 7592 6512 4437 2972 254 8832
210 804 9469 3669 8765 5555 2872 7727 3452 209 1371 84
211 50 1803 6644 5358 8872 3267 9574 2896 9971 2768 1763
212 1081 9206 4545 5585 9945 801 6864 911 1681 9337 4011
213 3020 8440 2112 253 6535 5930 7427 8625 6803 8197 787 9425
214 1716 6151 2214 8451 3381 4496 4281 2017 7033 6371 8735 5788
215 1234 345 2763 6422 1609 7584 3302 5337 4741 5356 2136
216 2051 1463 3878 1162 1407 2210 8467 8820 4600 7631 116
217 7036 6395 6852 4968 5974 8611 2236 9387 3589 3728
218 9407 8001 3743 1158 4844 6839 6823 146 4867 6544 3268 6360 7206
219 6924 6878 5159 7801 4299 5650 3705 9595 4573 5334 6503 8716
220 8564 121 6294 5274 1245 8444 5171 2968 6239 2150 6672
221 5659 7408 8553 5431 8246 1872 1759 2779 2907 9555
222 759 9716 4462 820 7757 222 930 4096 1005 2231 3593 7170 3505 311
223 476 6145 1693 6478 8198 4122 6500 5511 1202 3900 7851 2653 6470 238
224 9360 7455 6466 1247 4544 510 8518 1679 7335 2066 4554 726 9615
225 9085 2302 8303 4806 551 7605 9614 8180 6475 6396 372
226 3399 2908 349 1007 5443 6 630 1171 2307 3133 5912 2979 6302 5143 5029
227 8452 8370 4221 8833 5285 6276 7643 6997 6335 4823 4230 7864
228 492 2613 460 9793 96 1694 211 8958 1068 4671 8979 4129
229 8192 2952 4195 8196 5375 8157 6965 8719 2825 9138 105
230 7495 6541 7508 6530 577 9702 3698 6146 8857 8009 2927 8539
231 6218 7683 7829 7028 1809 3732 2162 7609 3776 9457 7132 2655 5980 9205 7736
232 8008 5718 6431 9856 602 7931 4441 9303 2755 5477 4531 8284
233 8990 1328 3848 3759 9489 3215 9108 247 5187 7518 4520 6914 8934 8343 3584
234 1274 9156 5236 9791 6468 906 9626 6754 8142 9652 1139 1117
235 6306 858 659 3517 2061 8390 8280 3096 8083 575 4647 8462
236 3806 8965 2335 5051 9563 2029 6255 9818 7382 9802 5652 1539
237 1529 4150 8202 4254 522 869 2657 2827 8311 5315 8920
238 3299 1631 4015 2889 2648 8705 5422 9304 4612 7347 8041 4397 1153 4401
239 1457 9458 4463 1954 3931 5325 3047 292 9485 184 6123 3496 7641 8776
240 5188 713 2191 3432 7359 255 430 2990 8167 9701 9280 7835 6347 997
241 9771 6867 9809 2821 5957 1160 8897 7420 3974 1020 8881 3128 3363
242 885 8468 6489 4014 1836 1333 9602 9835 8243 7183 3697 7751
243 3551 3401 231 6603 1293 2103 2081 4963 1991 4285 3303
244 2064 5616 7150 4201 1437 4713 9441 6902 1281 3795
245 3419 4215 8024 4577 3039 331 5050 8020 6216
246 2987 8056 5985 2812 6539 8413 7165 653 942 4419 4670 5898
247 9864 8801 9651 3327 6263 2119 3102 9546 3642 1601
248 5533 4555 5407 1732 408 6308 1191 6107 5635 4216 4941
249 8093 5492 8155 3772 9621 6591 1854 7482 750 7406 2578 127 9659
250 8542 1538 9582 3948 473 8490 6811 9044 8609 1951 7423 7400 2900 6280
251 7749 8807 1865 9226 4851 2205 1218 3511 5466 585 9619 2036 4718 872 5899 6423 7219
252 6552 9838 5793 6619 6034 2007 5118 8176 1875 8550 478 7056 9260 7759 3753
253 218 8308 3721 9110 7535 2903 7045 1028 6593 4297 7210
254 3243 6166 2455 9524 4766 2389 9051 3263 6387 582 1594 5467 8309 5316
255 3421 2842 9016 6643 2448 2151 9151 4627 3396 3296 7260 1050
256 298 8627 8631 1023 8638 6553 7808 6631 956 4190
257 197 1387 3407 3831 6930 7065 9452 2216 6135 1741 1562 8973 1025
258 4996 2179 5903 7178 5671 5831 5516 4408 1325 2747 6400 9993
259 9186 2876 339 7839 5297 8917 2359 5402 8737 9496 2439
260 3050 1412 8738 681 3704 482 9058 9839 862 6684 131 564 6188 4801
261 7858 6345 1046 6581 98 7054 3194 2522 1715 9414 6351 5838
262 1748 2619 7626 938 8650 6624 708 2390 9568 5163
263 5376 8677 5270 2287 8033 5249 4552 4825 8042 8049
264 6501 2862 1483 8432 7179 7102 3632 548 6540 5821
265 2055 4833 9554 2294 181 5126 6257 7106 3400 512 7410 2382 9004
266 7098 4804 6667 6384 7338 5123 5439 6858 4126 5783 7439
267 5332 7563 1928 4704 7022 4231 2167 1630 1790
268 2344 6959 2688 8951 6330 4347 6525 117 9499 8744 6275 1838 9219
269 1098 6266 4513 5119 9035 8025 3200 3957 2469 425
270 3939 3804 3714 8395 6461 537 9494 1102 1036 7318 8669 5504
271 8570 7064 3600 9480 3293 6316 2204 4697 3139 3681 8288 7476 7392 1542 9230 5156
272 4172 8970 3487 9786 1084 252 2782 9875 9049 4130 7321 120 2171 8830
273 2366 4924 7746 5670 8727 6928 5268 5468 5558 5864 2530 6566 7419
274 9061 4655 6288 9434 7203 3287 9232 1615 2568 5111
275 5184 5839 3707 4799 5012 2800 8098 2157 5550 1849 9501
276 5599 3683 8814 1764 9527 6413 9470 5658 8810 4634 3312 3891 9667 8442 4619 7511
277 8505 5011 2884 2854 6243 3070 4139 7277 2647 9709 2704
278 7488 1065 6157 9960 7461 8978 1204 7676 2780 2189 4881 4528 5322
279 539 1107 5946 1301 674 1236 7297 5763 5204 166 6331 8062
280 426 419 6776 5654 2792 9445 2967 3090 5224 2304
281 3442 9867 4853 129 9745 6588 5418 4589 4517 9283 2678 3305 3882 9330 9982 9349 1784
282 8972 5289 6370 9911 7634 3915 4375 8128 9502 3339 3750 5810
283 3359 6006 6896 2652 3513 9141 3648 1645 5954 3594 8007 798 647
284 5173 8342 472 8249 2566 9144 2915 8061 9752 7308 455 6737
285 2826 8199 2303 7348 5944 8532 5850 4106 9965 6465
286 5319 7536 58 1537 1460 3028 3808 1567 8686 5214 8203 1220 6962 6559 3875 843
287 7342 1589 9682 5529 2049 1843 3643 1091 4891 8724 7847 4343
288 3361 3558 350 5968 1033 4582 7853 6184 6482
289 3000 202 1388 529 5410 9463 6906 4781 9155 200
290 8668 3995 36 5345 9934 9127 1547 5203 1319 3377
291 2625 6339 7693 6234 335 908 6882 7356 7805 8414 1791 6615
292 3843 4135 1156 1399 9829 1944 581 2471 8882 6757 3576 7795
293 9254 7246 9450 6824 8230 7422 1829 9171 9067 4580
294 1337 431 2835 171 8341 4622 9828 5542 3375 1172
295 2363 2991 1576 1765 4124 4896 7226 822 2434 7180 5341
296 7726 2859 5976 5250 4183 8271 4865 4358 3724 6844 6298 541
297 1512 1823 687 6971 6504 7702 8103 489 5057 4307 6348 4890
298 2403 1061 3129 2447 1756 5360 6493 8551 6846 9352 5132 4069 2383 2630
299 3867 4972 2883 7595 1915 42 4831 4459 9683 8597 5660 8663
300 922 5485 3592 3527 3595 4613 7977 7402 4210 7790
301 5914 9680 9392 7646 226 7939 4077 9900 7891 3041 8841
302 7231 6835 1479 9766 9306 2744 2420 5806 1126 2570 6812
303 6770 6608 7665 7440 8181 5950 7103 6025 9472 5920 7905 7815 4400
304 1369 193 6014 5765 1282 6181 6780 4058 4750 7572 1505 8687 2422
305 3176 4507 5009 9519 6249 4688 9959 3480 1659 1682
306 440 7075 2085 3190 9995 2405 7907 2561 7619 4422 690 7454
307 4474 8437 8121 4470 5684 3136 348 1304 9591 1219 7044
308 2016 8133 3259 1112 9722 3620 3618 8795 5068 4515 3467 2283 3476 5756 1401
309 3489 1311 8515 9789 1376 312 7763 2748 4440 22 4958
310 7971 3187 2692 3433 3520 2515 7906 574 2683 1521 9105 4368 3024 7123
311 5046 8168 6236 1805 2548 4331 9885 4934 6567 2443 2409 1622 7193
312 533 3435 8791 3563 679 4136 641 3920 1799 1731
313 1627 8637 3793 8331 8971 9486 586 3444 6669 244 7737 880 9580
314 1342 3415 7617 3084 3488 5918 779 1804 3921 2260
315 9904 3218 7398 3145 5737 4581 8365 8588 3937 6682 1866
316 170 9073 8624 6740 9992 6628 840 9895 589 8377 8333 4027
317 5424 2249 867 6715 4450 5153 2021 6119 1895 9382 5230 9600
318 4862 8136 2961 2457 6365 6857 5617 1940 6951 1272 6802 5775
319 1549 5267 9498 8307 1018 415 3147 1723 7890 5272 3568 1223 753
320 5532 5266 9865 8948 9356 123 3947 4490 2621 7827 5277 5993 4151
321 1733 1467 5031 5951 8937 8028 6680 150 5338 1699 70 3304
322 3923 2742 1403 2712 9355 2475 8171 1591 6562 449 402 6675
323 5708 3315 8334 6438 9 5450 9577 5076 6679 2847 2685
324 5128 4829 8275 9443 983 5502 2843 6751 4598 9886 8713
325 866 3641 9264 931 6312 4897 5634 7462 5963 4733 813
326 2503 2853 2331 1425 4789 9339 2465 6142 5387 8838 7688 4569 1058
327 3044 7196 9291 1780 6139 2664 1921 6444 775 6073 1515 6611
328 6960 1276 2406 5953 1646 8368 4365 883 1911 3205 6510 1208 6748 4359
329 6865 5667 5709 7679 8878 7543 6064 2890 4632 1421 5386
330 1364 9277 3031 3779 831 1845 7625 6876 3949 115 7706 3006
331 1116 9899 4323 374 8914 9705 6268 194 5317 3427 3234
332 179 3193 283 3365 161 2352 2841 8800 83 8014 4643 5251
333 5190 1891 7823 1069 1322 5725 3321 4277 3453 9795
334 6832 6793 1048 5799 8004 6136 4115 8690 1508 3625 8912 2513
335 4956 7733 9042 6707 1717 2959 6358 9944 3124 1221 7459 5286
336 8053 8793 2317 9505 7554 7110 6226 6212 3975 4213 7700 2804 87 6415 9444
337 3214 5665 4178 947 2481 288 1142 5414 4797 4500 5713
338 7711 3441 2076 959 3182 400 8094 2408 7290 1647
339 1261 7157 9187 7447 5275 65 8273 1938 3820 8360 207 4567
340 1583 2917 6132 7990 6010 3518 2571 1055 3434 8232 4705
341 5464 1586 7908 4895 5530 4088 9785 7389 2339 3004
342 2785 5271 4262 1879 1436 9353 6783 198 2939 6942 9149 8925
343 1259 9114 6274 5566 5878 5971 6337 1917 7115 7380 652 6081 9697 3226
344 7426 4998 5872 7205 3430 7958 9593 7503 3897 3626 7673 2486 9654
345 3516 4291 373 8602 2982 6096 7435 3603 3809 4778 7948
346 2946 4684 5164 7849 1703 8926 1103 6618 4690 6518 8076 7756
347 4085 4200 382 685 7898 2008 9866 5207 5287 7653 4967
348 3262 8166 6004 1980 5578 245 8070 1650 3610 5312 6187
349 3229 9773 9678 7442 2186 9383 957 9095 6394 8759 485 4606
350 9116 7272 8995 6649 9985 5205 5032 2788 3338 8316 385
351 2714 834 9613 8479 1226 4078 1878 2048 8486 1072 7765 1608
352 2868 6307 165 2452 1903 6248 483 8511 8694 4809 284
353 2950 8670 8466 8947 1689 4064 6350 4155 984 4626
354 5855 1439 1270 1355 8680 6881 3245 9612 4866 7152 7182 3165 16
355 9248 8175 1452 4175 778 8194 9925 8089 5674 1760 5016 802 6785 8848
356 5327 5058 8739 890 520 6205 5142 4473 2898
357 8548 4947 5433 4103 6227 6963 6295 9936 555 3071 9742 8478 4442 7922 1216
358 6361 986 7573 622 1570 5699 1516 8085 662 2769
359 5279 9041 6116 61 8535 8022 377 6727 579 5157 1360 3175 1546
360 5212 7500 2980 3829 6244 4206 8318 4951 4309 3734 9689 6427
361 9096 9769 2057 6576 5456 7128 7760 26 6746 9071 4510
362 2540 4932 3394 9001 7621 8875 6418 5094 7425 4186 6355 3555
363 4353 5941 3887 6199 992 9218 5384 7921 5096 5024 8487
364 8482 2850 2149 452 2642 1897 6969 7074 9649
365 496 4878 7667 6862 1667 4158 677 3064 9372 7415 162 9183 6143 9178
366 8383 3328 2082 1254 8896 4770 5626 4945 5475 1985 9351 325
367 3608 6578 511 5365 8032 2988 4986 2820 5934 7107 1231 8787 1183
368 8494 2538 9376 3065 9754 8457 4762 2459 4668 5180 5790 8037 1500
369 3691 9409 2526 1593 9784 7868 846 4980 4696 9316 2353 7599
370 8923 2638 2172 5243 3331 2266 3696 9168 5736 4559 5052
371 9604 9423 3468 8681 8904 2928 5086 3777 9690 2097 8747 1413 2737 6934 9120 7267
372 6752 7869 4694 2043 7040 3560 5116 9878 2160 7414 3978 2537
373 1179 8633 2651 7544 6808 3055 2948 9760 4590 1962 108
374 5355 9263 5098 4041 2801 4177 8160 3529 1948 9509 53 4070 7845
375 1406 1163 2815 2468 4922 1853 5427 8828 3159 1292 7933 3261
376 1308 5781 9146 7460 3390 856 540 2556 8636 3386 9003
377 8997 5557 9379 2886 6472 3154 7975 9687 8124 1097 6175 3991 4547 8087 367
378 8682 4841 5552 3264 5883 3014 8376 6617 6349
379 505 8445 4904 4773 7172 4593 9256 1431 4685 5406 1963 2583
380 2640 5293 3616 661 7371 9415 3868 9571 6696 9955
381 2806 1409 3387 6674 4252 2140 9868 4245 9939 2937 4072 9370 7147 991
382 9212 371 6944 2291 3034 6988 8783 5115 6739 2902
383 5265 9589 8712 1952 7039 9113 1687 8579 568 2088 5824 923 5909 3914 6889
384 2697 3334 9460 1972 8913 7942 8481 3228 2290 3195
385 6494 3955 3075 9118 8789 8208 1533 5025 1801 1101
386 5776 9459 9759 4868 3739 5614 8206 8563 5019 7615
387 3326 1092 8373 3941 3760 4795 5817 236 1089 6405 1423 8676 1918 6029
388 2672 8231 9128 410 7008 4550 5150 4605 8596 6795 1745
389 7360 8319 3208 9901 9910 9850 324 3542 7587 2579 5873 1375
390 6625 7780 929 5782 4421 7494 28 2767 8526 6723 2248 2662
391 3718 7627 2949 3615 7735 927 6886 7867 8622 5704 441 2407
392 9150 7682 7396 1076 969 4791 9561 8745 1832 7802 4628
393 4859 826 7863 3016 7991 7855 8112 7870 6457 6939 2659
394 4779 2107 1563 2113 7403 8892 6174 380 1291 167 1029 300
395 3454 5875 6985 1782 4883 2074 7491 4105 8339 3960 319 8156 7585 4170
396 7251 926 8419 6779 5884 9130 7288 963 9938 5079 5689
397 5416 8030 9823 225 5936 9319 2622 3351 9012 980 7754 3403 4912
398 2315 9618 3355 2247 2091 1535 1003 1675 2849 916 8295 196 4171 3958
399 9297 8714 8346 1941 8691 5049 6918 8720 6637 8733 6115 5896 8922
400 8480 4790 1169 1417 2743 3424 7589 4339 9380 5784
401 7618 4374 3155 3575 2432 2449 5712 954 9812 6364 760 5263 865
402 8035 4739 8416 2350 8186 6267 2527 6633 3801 7586 6843 3015 861 8883
403 9241 6519 4111 2185 2369 5938 9070 1352 3985 1945 8300
404 1340 9111 4594 5958 3126 624 4856 5779 663 946 5053
405 7612 7278 9853 967 86 6311 3271 5587 1056 1553 4661 5767
406 1968 6443 4046 6440 3445 4989 48 667 7477 1265 2201 4913 7820
407 6241 8885 7533 665 6156 1022 6984 7141 1867 7051 1307 399
408 8748 2957 2440 3019 1471 6477 3670 1725 7232 407 4313 5175
409 1039 9401 6893 5754 4449 8590 1193 9820 4979 8449 1367 9518
410 2168 7797 7239 5863 7301 2484 6259 4344 2258 1788
411 5856 7581 2346 6713 2599 2166 2958 5313 7363 9787 8327 7135 1397 7261 6292
412 2435 553 7041 4782 6884 7309 9143 2502 532 3792
413 6209 4226 6761 2228 3737 2174 4860 5518 714 5966
414 4370 6129 3330 6352 6763 5130 7466 6070 8483 8555
415 2871 1709 7660 6653 5560 6456 7926 1994 5220 7350 3550
416 1481 879 459 1271 6921 9803 3231 3250 2376 2221 6329 6526 7842
417 9037 1260 9928 95 6464 9922 7807 5734 7976 4165 2761 5612
418 1372 3360 5802 4524 7892 3167 1892 7747 7043 7211 4086 6953 6254
419 5823 5742 4204 4724 902 7529 2278 8011 6058 4717
420 144 3552 6979 8717 9514 6008 5822 9700 4755 9816
421 4411 1057 5746 9606 2134 9175 3069 635 235 5526 6127 9943 4423
422 6800 2554 1919 3270 7540 8018 4376 8988 9221 3173 5501 7349 2052
423 9692 5202 5487 1141 6105 6160 8718 242 9342 322 7411 8345
424 9994 4142 8582 4695 3337 2466 3508 6144 6182 185 8250 8919 7507
425 8283 7946 4746 5540 3846 4301 6738 4403 3596 9335 7013
426 7105 9948 599 596 3356 1713 7611 3788 5528 8402 5465 269
427 8649 2356 2429 6373 9541 9395 2722 3323 8123 3238 6473 8606 6454 6768
428 1198 6147 4651 2181 7670 5778 2208 9294 2531 1222 8306 3684 8104
429 4905 3786 4319 7969 4389 2086 3170 3972 118 5556 9540 1939 5885 6744
430 5867 187 1168 2710 434 5764 4641 8453 1530 5395 8756 8235
431 3755 6150 7268 3962 3816 8082 7686 570 6636 691 7320
432 868 9471 3346 7911 3834 6897 9503 5755 9581 7037 901 2774
433 5694 4943 2267 3412 7137 4633 2940 1651 1727 7681 4707 467 6687
434 2618 8278 4532 7764 2010 1663 6596 2623 8557 8655 6610
435 1031 514 3436 2577 8347 5942 4506 6310 4553 5506 360 2603
436 6190 4583 9367 8538 7597 8404 9624 8761 8955 5858 243 8060 4494 6028
437 6091 645 1350 7393 6090 8434 3855 9181 8218 2518
438 4013 2301 5496 5798 4709 3425 1783 3470 8409 5246 1685 1855
439 9725 7221 1099 3892 7173 9447 9207 3689 3048 9338 2125 4037
440 6483 8036 2866 8213 2680 2467 5208 8661 9881 5937 8829
441 6859 3609 4663 7872 2309 1296 3292 5648 2170 6725 9364 5995
442 212 8860 8100 2731 5085 692 1152 4808 239 169 3172 934 8685
443 6452 1468 9448 4970 9284 4050 7897 6191 749 9836
444 9782 907 344 3950 5825 9411 8426 953 279 3569 5732
445 990 9644 4516 4080 3717 3246 1067 7772 3141 9455 5777 5636
446 8989 2416 1532 1554 3189 7559 2816 9182 12 545 7844 7284 8209
447 6304 4272 697 5772 8587 2073 1418 1212 9957 6759 5211 5399 7600 3158
448 7375 7778 6207 7264 1507 9062 6169 1858 9607
449 3812 8876 509 4638 9695 7341 5244 877 1363 1459 8908 8105
450 2232 9082 4391 3151 3439 18 5661 5818 7591 1662 1551 1174 1900
451 7684 8170 2934 2188 4487 8241 6097 6479 7130 7826 7034 5698 7791
452 1522 3169 6756 5769 5039 7651 821 3045 5333 9368
453 9473 5815 7658 4546 3063 4811 8458 5597 1882 453 477
454 8561 8397 2386 7317 9987 9721 2154 55 7782
455 1819 6232 9384 5127 4398 7694 2310 1215 4219 19 1166 4036 5523
456 3221 8702 1973 5428 3742 9437 6007 1584 1027 8290 9719 208
457 1611 1943 4427 2523 6152 2573 8534 6821 6121 4645 9822 6067
458 1178 8715 1374 5803 7877 6079 8050 2355 5657 3533 475
459 2879 474 3534 3690 2669 2163 2079 1227 3893 710 7310 8874
460 4280 39 8845 1883 2916 5269 4557 7192 5562 1827 3104
461 318 892 8764 6887 278 7784 5035 4572 649 5645
462 5091 9274 9597 5342 733 7548 8287 4040 3797 5673 6704 1665
463 9662 9474 9416 9102 5766 2296 4698 3701 7862 182 1393 5038 9467
464 3497 940 2316 6016 5999 409 5987 3115 5807 177 1868
465 7475 7428 7613 6481 6204 9917 5102 4264 6224 3108 626 6285
466 6923 9497 8798 2255 8119 7628 7841 4318 827 5866 6283 5294 5543
467 3482 4412 5731 4926 8620 9639 2592 9300 195 7280
468 6907 9029 5841 2478 1243 4736 9166 3655 6359 825 5177 2855 6356 7771
469 2682 20 9307 5879 8693 5296 9870 7608 7292 7404 4639
470 8768 1382 2253 3265 1451 466 3746 3224 3320 4348
471 9831 1975 4687 1671 8909 3209 1632 7217 836 2938 6170
472 3109 8272 4492 6507 3654 9560 5889 2778 5571 9610 6057
473 370 920 6856 8646 6861 9711 4028 1877 8190 1654 4232
474 8777 2921 2716 6484 1302 8868 9398 9732 5120 5721 1472 4884
475 4983 6459 8108 4652 1728 3645 3713 9484 994 770
476 8003 5299 3404 6344 9730 5284 2427 392 2586
477 758 9586 6309 3926 7799 1925 6340 4665 6837 8839 75 7920 2600
478 6697 3122 9743 3761 1434 1795 1335 3952 1489 6995 8856
479 5160 8734 1043 613 2033 2090 1569 1811 4284 4800 1757 7177 8816
480 9515 2974 9055 9045 9861 6228 31 7766 7312 2233 7687 9562 9548
481 7564 9851 854 6125 7416 1044 2046 3578 8780 6130 9236 7696 2489 7545
482 1785 6961 7331 2955 725 7164 7708 8425 7265 5470 7270 8709 2198 5546
483 2176 7894 4452 9366 2882 6574 8059 2560 9397 7146 8863
484 702 8351 3101 2741 7189 2865 248 1890 3531 2254 5541 552
485 672 3675 3196 29 8500 5844 9078 3185 6932 2413
486 4300 9889 1258 968 5488 1087 3901 6017 3107 6956 6063
487 7843 5471 7063 7861 2319 4477 6866 7194 1729 2925 3005 5921
488 3571 7478 2535 1775 3283 7139 1896 6612 2791 2274
489 678 2472 2750 7882 1127 9556 4244 7918 4334 338 9755 5668 6024 7553
490 7550 8982 5494 5505 2270 6782 217 6577 153 1559 6324
491 7854 799 1396 9331 5595 2690 7144 1306 8463 9691 1242 3113
492 6883 771 7649 3828 2616 5603 6600 8531 8730 7195 2906 8628 4418 8439
493 5905 2998 1842 4120 1747 7636 1573 9266 3562 3446 4803
494 8754 2519 1108 1159 7145 6083 3431 9815 1458 6087 5223 5989 190 7048 1167 1137
495 5901 8191 280 5292 2909 1894 5257 334 5961 4914 3859
496 7824 4876 5508 4227 5835 2966 4738 842 870 5609 5997
497 6840 327 4907 5227 3116 1992 1249 6825 9530 3688 1930 4807
498 8521 5484 739 5379 1802 1440 2202 8619 5162 7253 4286
499 9424 4146 3729 3276 1637 7531 446 2832 9112 4002 4007 6978
