100
0 180 1368 505 104 4227 4040 3053 6614 8949 6779 4048 6052 91 949 2498 6045 176 2334 2594 2482 1009 3160 82 1725 451 5246 152 677 3511 5136 166 5469 2978 7013 4589 1799 2841 138 1263
1 3038 4 1434 161 2135 724 2052 8512 243 2218 8629 2262 1428 755 1353 2195 2473 248 8 313 6094 3828 332 2859 2094 327 324 194 7797 477 79 399 3358 1571 6126 3923 1290
2 2458 4859 5724 2683 1595 9566 2062 287 5797 4241 3784 3017 5801 7591 1837 4858 2014 4618 5688 1044 214 1815 8586 9678 2759 351 3975 3756 1495
3 40 585 1054 4630 2360 475 8444 364 8948 715 590 1456 105 906 170 257 2696 6166 1073 2078 169 50 3676 255 42 34 549 98 799 971 37 1065 72 1334 2067 3097 1671
4 2132 1863 779 1843 1623 375 1956 19 891 229 2706 3689 519 511 2098 3056 503 7687 76 941 1582 27 8401 9493 173 116 200 54 118 59 742 3293 2791 139 120 1679 69 155 2818 859 3767 1502 7055
5 1966 1209 933 7497 3881 5197 2478 5863 599 4552 362 113 1889 8044 454 94 5893 759 1648 4278 1756 1702 178 1710 346 435 1541 409 310 665 5160 3274 7818 637 2163 3110 8015 468
6 121 142 1841 5165 2738 1123 546 9906 470 4361 7924 4032 143 9607 853 3349 2191 507 2805 6329 5803 1362 6064 106 1314 562 5519 1591 5276 1958 9138 7624 2153
7 4848 6031 5429 4752 1315 1590 5222 380 167 331 3548 485 948 398 151 1576 1296 3500 1100 4362 2983 1021 6662 1748 1156 706 2096 1042 1097 816 233 1207 355 1310 9517 2264
8 63 119 240 2769 601 1345 60 1225 286 5812 411 2148 984 2960 25 212 3266 295 1137 574 513 4152 9262 283 9085 767 265 51 2928 1754 3179 6555 343 125 2622 126 1572 3198 3774
9 293 174 938 187 656 219 2652 5641 951 2973 9442 297 6234 73 216 6729 3559 2065 4240 912 758 226 2562 338 5605 1393 1909 4390 9609 5371 2730 410 5200
10 3430 3252 103 1361 5170 652 1079 4386 934 2496 6912 662 3712 458 8992 460 2852 2102 350 90 1367 270 457 1375 3661 316 81 256 57 148 3244
11 100 251 456 1706 465 1758 422 3164 2611 158 946 1509 1967 1511 254 215 321 365 633 2147 2961 1626 6820 1165 2795 1566 7672 2433 371 2591
12 322 2128 796 7593 750 1481 2688 979 879 1973 1082 391 678 108 2 2431 245 790 2990 2282 7182 1913 2051 8114 44 6348 3796 439 8702 1697 878 5566 719 3751 3983 2451 731 5381
13 39 1948 1959 1438 3324 1677 5834 1152 885 1105 1686 2664 4477 2579 45 6 218 1402 3700 13 2568 5120 567 1828 10 3989 325 1452 1482
14 848 66 1985 7367 195 3950 481 1027 1709 506 7791 1811 417 6630 1579 276 9843 2751 916 278 1136 1278 49 490 5795 762 131 9225 6604 2955 4371
15 1583 6025 3915 7777 1503 24 5778 2475 5731 539 1017 3400 3488 527 928 1053 3879 7195 6847 363 2684 406 1389 328 5020 359 2423 1099 3730 2212 7481 561 9593 268 5546 1388 869 708
16 303 87 246 185 20 450 3 291 393 191 1866 2247 846 3715 1235 89 181 880 4244 320 2385 11 1035 264 302 223 8365 8486 625 517 621 5526 4023
17 3900 12 2202 3735 5278 602 6797 361 285 1051 622 1185 1352 763 5782 36 1030 390 533 1058 5865 3123 273 28 238 339 396 2232 9306 210 1743 102 4343 1524 2145 65 940 797 6049
18 701 56 99 632 3813 130 421 192 168 595 213 5634 452 1395 747 2657 2222 613 4302 162 628 221 608 3272 389 413 122 998 18 1849 1171 2416 4160 469 728 554
19 775 8150 5990 2266 981 344 32 345 9134 6697 15 4063 8488 1011 7387 9768 7463 253 3797 5294 3790 8006 746 9718 2233 5108 1788 419 7893 358 509 3119 384 583 5926 1737
20 26 2979 1039 9798 137 250 676 7606 516 935 655 1005 9562 669 0 379 9519 1168 3317 284 1919 989 7347 5001 3535 908 1729 7748 4408 1886 2228 4984 1638 8454 900
21 4162 5604 6480 244 1407 1506 611 947 3648 4482 4319 4001 8116 7325 4350 1127 3684 5728 2863 3839 145 875 71 7316 4051 1865 6137 2142 714 3692 5361 74 2825 280 1413 1384 2848
22 462 6731 584 133 2045 843 3009 2000 9425 6747 1805 4117 793 650 3211 2190 1496 512 699 430 5600 277 5964 8226 687 3379 635 220 4496 428 2304 1335 1770 1851 7527 197 1173 867
23 4211 5999 6661 671 1271 1078 424 190 3158 2524 1351 752 309 1087 1803 5539 5667 4798 845 96 1000 592 629 315 85 2681 124 292 510 976 8688 7658 2060 968
24 9742 4452 1075 680 1406 7815 3006 889 186 3301 1217 825 4908 3577 5052 950 4824 769 2812 3433 757 6854 1012 542 3124 6307 725 8601 6408 1412
25 2546 342 9677 1 1293 463 249 807 1859 127 952 6943 1126 2494 5532 577 2737 83 400 3262 588 514 392 1637 4911 2947 1610 571 8243 3880
26 62 6205 7287 8518 890 8428 7122 3946 2413 3175 862 5196 589 3769 1377 2460 818 323 2894 356 308 1635 1257 78 760 1628 664 46 9359 1894 1876
27 4584 5186 35 2491 275 179 626 3059 1735 855 97 3140 815 2889 4885 5830 3932 4316 3064 1732 1301 1014 259 177 3969 893 9693 5749 3911 4517 663 7537 4148 1954
28 2882 861 3458 272 830 402 645 1663 960 7971 842 135 1741 544 2968 6424 557 1140 8103 6785 7590 2329 337 932 374 619 1008 4299 318 117 1783 4364 5921 8450
29 193 107 448 9357 6438 5 360 182 723 1461 780 296 541 442 231 1272 1721 4632 2477 4914 8692 330 290 404 4757 1867 3013 2291 2087 5447 3424 659 4875 211 4560 1489 1673 9957
30 3502 1210 1401 1332 184 992 9295 2522 1979 6450 2156 5792 8875 2048 9471 2967 914 6097 6696 1963 4325 8938 431 247 8427 9360 67 3943 5417 707 4514 7774 3895 492 4801 8241 4597 841 2112 9543
31 1150 975 698 401 581 2576 1288 205 420 189 980 282 4271 978 3659 576 1142 1627 4657 414 5909 2254 7956 304 8766 791 6284 1106 2076
32 217 232 2883 372 156 88 1442 553 222 697 488 653 30 2456 545 132 7473 1932 8672 2340 2634 279 1208 2415 5561 298 7301 8729 1512 2509 4281 3992
33 3699 3563 347 5167 1414 4120 1685 1333 47 704 3861 1900 7373 2564 154 354 3447 1658 3455 271 7133 333 904 382 2374 1548 4918 4196 6100 1253 1529 236 6698 7585
34 6755 395 866 594 4659 6130 587 1446 1089 2469 5597 17 2430 4096 5084 6523 1921 204 1080 776 2542 1269 3949 926 5490 6354 4995 159 4761 455 1147 1620 1624 2184 827 4864 1077
35 8973 123 646 7718 235 3236 1752 7970 476 2239 483 1074 5221 6012 4164 471 529 836 14 128 969 114 953 1504 4613 2516 1363 3560 29 1782 899 4551 2371 1604
36 92 5005 1532 353 3194 336 9040 2295 805 1515 2552 2408 3604 4662 4090 208 1052 1698 9556 1323 784 854 1010 2739 1404 2493 7315 415 163 1245 4688 1850 6577 709 3497
37 340 487 9952 1233 2126 2227 691 5178 4619 3528 5791 115 141 1391 5617 2292 1015 1214 349 289 819 5562 2746 1575 898 1891 1116 305 2612 3417 3222 4347 5862 919 3849
38 75 41 86 1062 1370 1337 70 4809 4221 64 648 4009 2840 774 112 1765 1862 209 3478 489 735 6702 8704 445 1266 2992 408 7764 1239 3926 3299 8516 6656
39 77 2404 3623 1251 5901 1226 4275 6756 647 7084 2138 1744 1821 3929 1298 600 4388 7935 2753 598 7747 872 7 4274 23 7621 3891 4263 615 9076 1546 3121 2207 1369 686
40 672 497 700 3044 559 766 528 68 7181 9203 22 6226 2745 803 9208 3753 5507 3704 6831 772 5931 317 982 1275 6044 160 1880 4146 5668 4500 3172 7117
41 378 227 1991 7559 2609 688 1824 266 48 1699 480 239 8272 2134 6748 5431 2836 804 2059 4674 4942 4850 9311 2373 6677 7546 666 530 6979 230 1497 2780 4247
42 5154 1514 4225 9561 2005 6398 9749 38 1611 748 498 2344 405 521 3098 9701 817 777 3380 412 1108 5412 306 9338 1460 1552 1789 1476 5973 5150
43 5689 61 377 7986 2904 4838 2507 1993 6423 3016 446 134 314 1408 1190 110 1988 591 785 1598 1704 800 5376 6035 798 2261 1056 1397 397 6229 2152 6655 111 5038 5554
44 5014 164 2091 2951 2575 1826 2196 109 1213 2785 348 2853 2743 716 500 8480 157 1672 3246 2565 2106 5626 6558 9676 712 3384 2762 4638 696 986 1183 9502 1953 4532 9459 6402
45 234 493 7040 171 2965 1246 7062 258 3815 6149 1459 2913 1882 860 2819 2414 1320 144 1750 2298 4857 840 5207 2169 3842 744 552 2720 33 824 1917 5661
46 651 8088 4370 2665 3003 5275 443 407 6018 654 6005 1746 228 534 1066 1091 8585 1474 438 432 4581 1166 644 425 7135 1567 267 3617 7600 478 8438 4131 7431 7086 1643 1766 5482
47 147 319 183 3654 43 3420 5774 2436 963 6147 6913 433 165 6629 580 606 84 3893 2348 3033 299 7027 5161 6074 4238 1424 524 55 4791 1951 3106
48 4821 8616 1260 2920 2988 6336 8326 357 9433 5547 1344 3561 3825 4476 3019 461 6227 1312 1810 1510 403 768 7050 1554 1350 4097 3426 1593 1907 8334 2345 499 7569 8809 494 4497 1809 909 4799
49 52 2581 1653 53 1759 9711 1606 1937 5472 641 473 502 839 1767 718 1329 6037 1842 1844 5675 5144 675 3144 4435 3126 1325 3457 6165
50 198 418 444 491 4380 1942 2941 1085 3775 2787 6737 4242 1665 8932 2399 4695 3869 838 7132 464 1232 970 2690 466 1829 2540 2444 4307 1256 2020 1343 2073
51 9234 8783 4705 597 788 4606 288 966 9 2410 508 1728 334 1989 2420 4847 383 6237 1224 3586 1417 1848 3924 3824 738 307 623 1491 1602 7694 1692 3634 2633 196 3218 3734 5031 977 5501 2826 3046
52 1601 4025 6514 6001 753 3761 2327 5625 1950 2088 381 2702 467 6171 689 1465 2165 7895 883 58 2886 593 202 2164 1899 7307 1088 4421 786 201 9832 2162 1714
53 3632 8055 1681 7676 2268 7433 4974 1477 369 4478 5059 7981 8660 2107 4708 1215 7589 822 281 856 722 1300 1443 6043 5882 1983 6949 3395 6258 3594 927 7712 3102
54 437 4044 721 523 2644 2330 2251 2240 4184 1607 2099 2650 5195 9019 9763 4511 5620 881 3941 441 2643 1378 504 8917 2887 814 8104 771 6009 3135 994 5985
55 301 262 937 8767 2151 1693 3513 2301 3161 1688 5233 4625 930 6425 7234 1216 743 764 1274 582 1608 9793 2867 6210 5416 1501 4494 6887 5051 2486
56 2810 1184 388 370 1026 4732 2220 427 129 352 8132 7395 203 2044 5935 7867 1072 1800 6301 3210 3243 7105 1690 5421 1906 146 954 1613 1286 9159 1936 624 1600 7499 789 8402 1597
57 136 1262 568 2638 1877 237 6338 6684 851 1034 3257 1318 1642 3151 2119 2545 565 2897 1568 1211 1268 207 172 607 16 2285 9017 4336 3613
58 4104 5850 2986 4685 8076 4474 3768 2619 4133 936 175 6571 4895 294 1587 4596 2593 8355 1700 434 8806 3773 4539 4788 4417 3794 3516 1149 3127 745 479 7064 751 4672 3125 2300 990 482
59 21 31 3843 6238 225 2187 1429 1264 2479 902 2980 605 579 2692 80 8146 5173 5459 6676 702 726 7805 3908 9137 8969 1480 1134 5350 6246 4646 1119 6036 8138 2758 5333 2956 6138
60 1449 2024 2397 4459 808 7876 140 3456 2013 2157 311 9723 2667 5960 636 3224 1170 472 6030 8322 8315 4207 2035 5158 3020 7709 1186 3190 8991 1398 7304 3303 566 2170 5851
61 367 341 1218 6467 4968 537 2114 2627 224 4648 2219 2171 261 674 1177 2538 1358 7710 300 6565 5064 2592 3055 3508 8149 9666 1478 6051 6616 1463 1294 1755 3884 3414 1299 2243 4099 3831 3389 1270 9305
62 957 1570 3858 4928 3345 858 241 3429 7734 2143 5296 6955 1738 495 660 770 1373 1169 538 1117 1187 1130 829 4197 101 3234 3052 5326 5876 661 2203 3428 4894 1468 436 4089
63 199 1041 7776 8131 459 3313 3444 7977 8801 6412 206 252 4264 6834 5368 907 5329 2178 1283 188 7820 5127 3100 3249 2158 5063 809 1178 8295 6549 2380 4259 3642 730 526 3935 1104 1223 2849 1772
64 1128 2343 4654 923 5502 551 5193 6092 3230 3808 810 5330 2306 9521 3777 8009 9478 1416 3996 4448 618 2029 1037 4889 6013 4929 1797 5205 4171
65 670 3541 8901 1336 2437 3646 4549 3227 5564 2654 2670 2392 7275 2022 2445 2927 6270 993 6581 3957 387 604 3362 1192 8567 1895 7753 3582 4962 3371 5390 7414 335 8761 1881 2296
66 93 4620 3209 3525 6952 6131 5902 7918 740 2198 5446 4994 429 572 2049 3041 6644 8086 7162 8802 2464 6703 2590 5419 642 555 958 9320 95 3572 673 5512 6394 1530 3332 3600
67 8614 1024 558 2671 8819 631 1071 3962 8215 3101 2948 837 1381 385 8770 3302 2278 9412 7915 4913 2253 4936 2732 2379 2255 1277 2297 9547 3517 2976 1287 2608 2700 9886
68 3314 3201 1436 2917 9872 1908 4930 1596 6359 3178 4724 3660 2356 2487 610 9269 1669 3571 3759 1038 3536 149 7607 5403 242 2090 4919 6716 7584 6027 7303 2216 7850 2513 6459
69 1499 1883 1279 8180 756 3520 6767 2177 7231 1061 8004 6169 3710 2551 153 1696 1522 486 4964 884 3499 2662 1197 679 3169 4734 1935 1961 522 7281 3392 7337 5241 6452 873
70 525 269 2831 3832 3258 3028 3189 2121 1086 2837 1804 9122 3938 1450 575 2221 1445 5212 2885 4922 9779 3569 1158 8387 882 1162 4226 2432 5349 6304
71 447 962 329 739 573 3512 4331 8240 274 892 1857 833 2294 9885 1946 7913 983 4656 1227 5383 3082 1155 3359 9770 1629 9782 609 1374 9088 1549 496 792 7733 484 4952 1599 1090
72 3032 1360 1029 6156 657 1483 1931 5855 2315 5215 1019 778 1068 515 2908 394 5971 1695 9722 4716 4577 826 6223 6029 2429 578 2693 5997 9424 1852 3215 8309
73 2878 1311 4680 7702 1845 5479 1562 6504 4151 9794 1516 3357 658 6410 2860 2424 3166 2172 6874 693 3708 5235 5847 7798 2741 474 1055 6589 1386 6057 6668
74 6991 1188 4797 8740 2427 9246 3618 7417 4429 3149 4723 2937 1435 5914 4612 612 8870 2274 1447 4255 2166 2025 1148 1304 2160 1825 9068 8743 6379 3292 1723 2735 868 5269 4837 1036 1513 4413 737 3483
75 9574 5672 1383 5406 3899 2715 4192 1067 260 7603 1121 5284 3406 2038 5887 1387 3330 4738 3907 2521 5422 4191 729 4682 1939 3860 2193 3270 547 3841 6930 8734
76 3228 3279 556 1342 6288 683 5805 1538 563 2168 5251 4422 1615 711 7102 4878 1870 3979 694 9949 8095 5607 3852 643 2055 9317 8699 2708 2912 6939 3595 7207 9559
77 8733 4138 2517 2942 8466 6745 2378 3603 1888 9355 9710 5872 1228 1577 2398 1992 3591 5817 1466 426 5848 1258 6357 1366 5582 501 7792 806 896 6961 5435 1734 3574 6896 7342 5022 7509 2336 4098 6163
78 8476 1574 2010 5218 9660 4607 1747 4254 2009 5404 1832 1433 3220 2342 3021 1806 536 1971 773 2033 7488 996 1439 3787 9642 5558 1498 1890 6085 1871 9368 4167 6378 2614 3057
79 1757 1896 2987 9041 1340 3354 3526 3137 2019 6087 2527 4971 682 8579 1201 4793 8244 997 3894 1975 2377 5520 847 5773 733 943 532 1823 1020 2182 596 4840 1172 8790 2744 9514
80 1195 3171 974 9335 2136 3089 4950 2544 440 3755 1180 2389 1174 1125 1454 7575 695 2056 3566 9947 3706 3281 3958 1978 1926 2365 1911 535 7653 1356 4614 2388 150 3598 1153 1122 6337
81 667 1544 1432 2601 4157 1200 8162 1001 368 7708 1031 931 3040 1151 7727 782 1724 5979 6313 1715 1341 1267 4955 8484 2095 5548 6990 3974 3668 1161 5483 2372 7253 8993 3471 5091 7677
82 5570 7030 3624 2518 876 7291 1135 6642 8342 3972 8297 7459 564 2567 6599 999 4525 263 7975 1974 2093 2092 3323 813 3142 9842 1064 3493 8890 7852 2932 2047 9551 5659 1930
83 5140 5929 5811 4070 5041 7092 1525 2694 9043 705 326 2011 4704 1822 2271 2071 6407 1411 3638 5481 1656 1241 614 616 2401 5388 1420 7313 1521
84 1176 2409 2776 734 834 2453 2903 627 7761 4287 3412 1861 7908 1321 1138 1231 3320 3573 7669 1212 1666 3203 3350 2081 9375 2660 4773 1873 871 9346 3008 9047
85 9479 1892 3180 4508 1280 6718 6135 1517 2926 1295 3183 1486 2792 6647 1927 1254 1944 4565 3024 3464 1818 2144 3792 1410 1292 3319 1203 4194 5225 5975 7984
86 1193 3340 2337 1255 6243 2210 1902 6559 7541 1120 4122 3023 1415 6022 4258 9095 2918 3304 3109 1431 2476 1945 1023 5800 3886 874 787 1033 961 1114 4841
87 717 5820 5414 2288 5046 8738 8600 1558 1265 8414 4460 2428 2108 5359 965 1884 1473 2556 4548 1847 3580 9204 4366 543 1163 9455 1273 4313 3489 2526 5448 6915 995 5959 9542
88 312 3223 6160 4479 2209 1808 3814 8461 1110 1776 4329 7266 1462 3977 3022 720 7245 2718 887 1282 586 9358 7085 9967 2322 1405 7688 9054 3376 1687 2485 540 4829 5905 7707 2316 2899
89 1479 897 4743 5175 7070 3226 7371 894 1205 1997 2043 2231 1238 3952 2480 3163 9892 1487 9005 6335 1426 828 781 3280 7553 6531 5627 5643 2244 2533
90 6183 638 4710 1422 1768 2977 7671 905 2566 4169 2674 9299 7378 8549 2150 2226 6965 4470 5163 5305 1309 6879 4450 630 1440 634 5489 640 5779 4472 7905 9392 1977 5895 2359 3441 2713
91 1994 8122 7167 376 692 3446 6176 3047 1814 6405 7258 1555 8324 2972 5242 3611 5513 1221 5295 1063 8019 3229 3208 4183 6200 7214 1500 732 8605 1016 1691
92 1916 9165 3590 2080 8732 5503 5920 7185 1113 6970 3068 518 5265 453 1742 2439 6765 2236 1537 8154 6414 2396 2186 3034 6601 4266 1893 2705 6769 9584
93 6980 8386 1726 2097 1817 1094 9000 9705 2311 1421 1616 3200 1527 2335 4300 1133 964 2205 2793 2659 3494 1458 1940 8164 2930 7048
94 727 1990 812 801 1096 2185 9862 3655 4425 3631 6399 9401 4758 5933 2557 857 8492 1220 4305 820 2402 2763 681 2217 765 2876 6903 5560 1918 1305 5924 9753 7640 9407 3398 4124 1790
95 6671 1618 2260 550 5392 3673 4621 560 9464 1112 5062 9290 4006 2668 5516 1664 1655 3170 8538 3288 6657 2764 9740 1853 1775 685 3484 1807 1912 3682 3199 4178
96 1680 987 835 1249 8940 1469 4759 4702 423 3615 5662 2512 9946 3141 1316 4495 2042 7884 6682 3000 4726 7155 8041 713 4921 1621 8168 2523 1493 2201 2063 4320 5209
97 1002 4301 3397 4947 5065 6257 6102 6906 3782 3492 6454 4137 9743 2070 1868 3997 1095 3391 8655 4142 6361 4690 4513 4385 7322 3114 3231 7683 3663 5712 9555 5029 4699 1533 5829 9691 4403 849 9630
98 5748 6400 5645 6201 1636 7243 6546 649 1736 915 6927 1545 2039 7723 1006 955 2752 2771 7507 2395 5394 6023 1319 3065 2246 5947 2008 9874
99 5021 4683 4604 6705 9908 3980 3004 3901 8124 1230 7454 9516 7881 7153 2970 5249 2504 3791 6385 2002 4818 1093 1057 3608 2919 2066 4720 9761 3289 1399 9894
